<?xml version="1.0" encoding="UTF-8"?>
<!-- Generated by org.testng.reporters.JUnitReportReporter -->
<testsuite hostname="ZakirZR-Bluestone" failures="0" tests="1" name="TestCases.LoginModule_testCases" time="18.361" errors="0" timestamp="2022-12-03T22:19:29 IST" skipped="0">
  <testcase classname="TestCases.LoginModule_testCases" name="LoginTestCase" time="18.361"/>
  <system-out/>
</testsuite> <!-- TestCases.LoginModule_testCases -->
