<?xml version="1.0" encoding="UTF-8"?>
<!-- Generated by org.testng.reporters.JUnitReportReporter -->
<testsuite hostname="ZakirZR-Bluestone" failures="0" tests="1" name="TestCases.Enrollment_TestCases" time="21.139" errors="0" timestamp="2022-12-04T23:04:26 IST" skipped="0">
  <testcase classname="TestCases.Enrollment_TestCases" name="HappyFlow_TestCase" time="21.139"/>
  <system-out/>
</testsuite> <!-- TestCases.Enrollment_TestCases -->
