<?xml version="1.0" encoding="UTF-8"?>
<!-- Generated by org.testng.reporters.JUnitReportReporter -->
<testsuite hostname="ZakirZR-Bluestone" failures="0" tests="1" name="TestCases.DeEnrollment_TestCases" time="20.714" errors="0" timestamp="2022-12-04T11:41:48 IST" skipped="0">
  <testcase classname="TestCases.DeEnrollment_TestCases" name="HappyFlow_TestCase1" time="20.714"/>
  <system-out/>
</testsuite> <!-- TestCases.DeEnrollment_TestCases -->
